SF:lib\utilities\change_password_utils.dart
DA:1,1
DA:6,1
DA:12,1
DA:16,2
DA:22,1
DA:27,3
LF:6
LH:6
end_of_record
SF:lib\utilities\email_regex.dart
DA:1,1
DA:2,1
DA:6,1
LF:3
LH:3
end_of_record
SF:lib\utilities\is_valid_url.dart
DA:1,1
DA:5,1
DA:7,1
DA:18,2
DA:19,2
LF:5
LH:5
end_of_record
SF:lib\utilities\screen_size_handler.dart
DA:8,1
DA:9,1
DA:10,1
DA:11,1
DA:13,1
DA:17,1
LF:6
LH:6
end_of_record
SF:lib\utilities\subreddit_store.dart
DA:10,1
DA:12,1
DA:13,2
DA:14,2
DA:15,2
DA:16,2
DA:18,1
DA:19,0
DA:20,0
DA:21,0
DA:22,0
DA:23,0
DA:24,0
DA:25,0
DA:26,0
DA:27,0
DA:31,2
DA:32,1
DA:33,1
DA:34,1
DA:35,1
DA:37,1
DA:38,1
DA:39,1
DA:40,2
DA:42,1
DA:43,1
DA:44,1
DA:45,1
DA:48,1
DA:49,1
DA:50,2
DA:51,2
DA:52,2
DA:53,2
DA:55,1
DA:63,1
DA:64,1
DA:65,1
DA:66,1
DA:67,1
DA:68,1
LF:42
LH:33
end_of_record
