SF:lib\utilities\change_password_utils.dart
DA:1,1
DA:6,1
DA:12,1
DA:16,2
DA:22,1
DA:27,3
LF:6
LH:6
end_of_record
SF:lib\utilities\email_regex.dart
DA:1,1
DA:2,1
DA:6,1
LF:3
LH:3
end_of_record
SF:lib\utilities\ensure_http.dart
DA:1,1
DA:2,2
DA:3,1
LF:3
LH:3
end_of_record
SF:lib\utilities\format_date_time.dart
DA:4,1
DA:5,2
DA:8,1
DA:9,3
DA:10,3
DA:11,1
LF:6
LH:6
end_of_record
SF:lib\utilities\format_duration.dart
DA:1,1
DA:2,2
DA:3,3
DA:4,2
DA:5,3
DA:6,2
DA:7,2
DA:8,2
DA:9,2
DA:10,2
DA:11,2
DA:13,2
LF:12
LH:12
end_of_record
SF:lib\utilities\formatNumber.dart
DA:1,1
DA:2,2
DA:3,3
DA:4,1
DA:5,3
DA:7,1
LF:6
LH:6
end_of_record
SF:lib\utilities\is_valid_url.dart
DA:1,1
DA:5,1
DA:7,1
DA:18,2
DA:19,2
LF:5
LH:5
end_of_record
SF:lib\utilities\parse_duration.dart
DA:1,1
DA:5,1
DA:6,4
DA:9,4
DA:10,3
DA:14,1
DA:15,1
DA:16,1
DA:17,1
DA:18,1
DA:19,1
DA:20,1
DA:21,1
DA:22,1
DA:23,2
DA:24,1
DA:25,2
DA:26,1
DA:27,2
DA:29,2
LF:20
LH:20
end_of_record
SF:lib\utilities\screen_size_handler.dart
DA:8,1
DA:9,1
DA:10,1
DA:11,1
DA:13,1
DA:17,1
LF:6
LH:6
end_of_record
SF:lib\utilities\subreddit_store.dart
DA:10,1
DA:12,1
DA:13,2
DA:14,2
DA:15,2
DA:16,2
DA:18,1
DA:19,0
DA:20,0
DA:21,0
DA:22,0
DA:23,0
DA:24,0
DA:25,0
DA:26,0
DA:27,0
DA:31,2
DA:32,1
DA:33,1
DA:34,1
DA:35,1
DA:37,1
DA:38,1
DA:39,1
DA:40,2
DA:42,1
DA:43,1
DA:44,1
DA:45,1
DA:48,1
DA:49,1
DA:50,2
DA:51,2
DA:52,2
DA:53,2
DA:55,1
DA:63,1
DA:64,1
DA:65,1
DA:66,1
DA:67,1
DA:68,1
DA:71,0
DA:72,0
DA:73,0
DA:74,0
DA:75,0
DA:76,0
DA:78,0
DA:79,0
DA:82,0
DA:83,0
DA:84,0
DA:85,0
DA:87,0
DA:88,0
DA:89,0
DA:90,0
LF:58
LH:33
end_of_record
SF:lib\utilities\time_ago.dart
DA:1,1
DA:2,1
DA:3,1
DA:4,1
DA:6,2
DA:7,2
DA:8,2
DA:9,2
DA:10,2
DA:11,2
DA:12,2
DA:13,2
DA:14,2
DA:15,2
DA:16,1
DA:18,2
DA:19,1
LF:17
LH:17
end_of_record
;